<?xml version="1.0" encoding="UTF-8"?>
<!-- Generated by org.testng.reporters.JUnitXMLReporter -->
<testsuite hostname="IN2056324W1" ignored="0" name="Test1" tests="3" failures="0" timestamp="2020-06-29T13:48:51 BST" time="0.086" errors="0">
  <testcase name="@BeforeClass setupClass" time="-1.593434931312E9" classname="com.automation.test.testNGHooks">
    <failure type="org.testng.TestNGException" message="
Can inject only one of &amp;lt;ITestContext, XmlTest&amp;gt; into a @BeforeClass annotated setupClass.
For more information on native dependency injection please refer to http://testng.org/doc/documentation-main.html#native-dependency-injection">
      <![CDATA[org.testng.TestNGException: 
Can inject only one of <ITestContext, XmlTest> into a @BeforeClass annotated setupClass.
For more information on native dependency injection please refer to http://testng.org/doc/documentation-main.html#native-dependency-injection
at java.util.concurrent.ThreadPoolExecutor.runWorker(ThreadPoolExecutor.java:1149)
at java.util.concurrent.ThreadPoolExecutor$Worker.run(ThreadPoolExecutor.java:624)
at java.lang.Thread.run(Thread.java:748)
... Removed 7 stack frames]]>
    </failure>
  </testcase> <!-- @BeforeClass setupClass -->
  <testcase name="@BeforeMethod setupMethod" time="-1.593434931349E9" classname="com.automation.test.testNGHooks">
    <skipped/>
  </testcase> <!-- @BeforeMethod setupMethod -->
  <testcase name="@BeforeMethod setupMethod" time="-1.593434931349E9" classname="com.automation.test.testNGHooks">
    <skipped/>
  </testcase> <!-- @BeforeMethod setupMethod -->
  <testcase name="@BeforeMethod setupMethod" time="-1.593434931349E9" classname="com.automation.test.testNGHooks">
    <skipped/>
  </testcase> <!-- @BeforeMethod setupMethod -->
  <testcase name="@AfterMethod tearDownMethod" time="-1.593434931363E9" classname="com.automation.test.testNGHooks">
    <skipped/>
  </testcase> <!-- @AfterMethod tearDownMethod -->
  <testcase name="@AfterMethod tearDownMethod" time="-1.593434931363E9" classname="com.automation.test.testNGHooks">
    <skipped/>
  </testcase> <!-- @AfterMethod tearDownMethod -->
  <testcase name="@AfterMethod tearDownMethod" time="-1.593434931363E9" classname="com.automation.test.testNGHooks">
    <skipped/>
  </testcase> <!-- @AfterMethod tearDownMethod -->
  <testcase name="@AfterClass tearDownClass" time="-1.593434931365E9" classname="com.automation.test.testNGHooks">
    <skipped/>
  </testcase> <!-- @AfterClass tearDownClass -->
  <testcase name="Login" time="0.0" classname="com.automation.test.LoginTestParallelMethod">
    <skipped/>
  </testcase> <!-- Login -->
  <testcase name="searchThanos" time="0.0" classname="com.automation.test.LoginTestParallelMethod">
    <skipped/>
  </testcase> <!-- searchThanos -->
  <testcase name="searchLenovo" time="0.0" classname="com.automation.test.LoginTestParallelMethod">
    <skipped/>
  </testcase> <!-- searchLenovo -->
</testsuite> <!-- Test1 -->
